[debug] [2022-07-23T09:50:02.876Z] ----------------------------------------------------------------------
[debug] [2022-07-23T09:50:02.885Z] Command:       C:\Program Files\nodejs\node.exe C:\Users\PC\AppData\Roaming\npm\node_modules\firebase-tools\lib\bin\firebase.js init
[debug] [2022-07-23T09:50:02.887Z] CLI Version:   11.0.1
[debug] [2022-07-23T09:50:02.887Z] Platform:      win32
[debug] [2022-07-23T09:50:02.887Z] Node Version:  v16.14.0
[debug] [2022-07-23T09:50:02.985Z] Time:          Sat Jul 23 2022 14:50:02 GMT+0500 (Pakistan Standard Time)
[debug] [2022-07-23T09:50:02.987Z] ----------------------------------------------------------------------
[debug] 
[debug] [2022-07-23T09:50:03.017Z] >>> [apiv2][query] GET https://firebase-public.firebaseio.com/cli.json [none]
[debug] [2022-07-23T09:50:03.191Z] > command requires scopes: ["email","openid","https://www.googleapis.com/auth/cloudplatformprojects.readonly","https://www.googleapis.com/auth/firebase","https://www.googleapis.com/auth/cloud-platform"]
[debug] [2022-07-23T09:50:03.192Z] > authorizing via signed-in user (muhammadabdullahnabeel@gmail.com)
[info] 
     ######## #### ########  ######## ########     ###     ######  ########
     ##        ##  ##     ## ##       ##     ##  ##   ##  ##       ##
     ######    ##  ########  ######   ########  #########  ######  ######
     ##        ##  ##    ##  ##       ##     ## ##     ##       ## ##
     ##       #### ##     ## ######## ########  ##     ##  ######  ########

You're about to initialize a Firebase project in this directory:

  D:\projects\backup-evaluation-project\frontend

Before we get started, keep in mind:

  * You are initializing within an existing Firebase project directory

[debug] [2022-07-23T09:50:10.450Z] <<< [apiv2][status] GET https://firebase-public.firebaseio.com/cli.json 200
[debug] [2022-07-23T09:50:10.450Z] <<< [apiv2][body] GET https://firebase-public.firebaseio.com/cli.json {"cloudBuildErrorAfter":1594252800000,"cloudBuildWarnAfter":1590019200000,"defaultNode10After":1594252800000,"minVersion":"3.0.5","node8DeploysDisabledAfter":1613390400000,"node8RuntimeDisabledAfter":1615809600000,"node8WarnAfter":1600128000000}
[info] 
=== Project Setup
[info] 
[info] First, let's associate this project directory with a Firebase project.
[info] You can create multiple project aliases by running firebase use --add, 
[info] but for now we'll just set up a default project.
[info] 
[debug] [2022-07-23T09:50:16.351Z] Using project from CLI flag: covid-fighters-bonus-algorithm
[debug] [2022-07-23T09:50:16.354Z] > refreshing access token with scopes: []
[debug] [2022-07-23T09:50:16.357Z] >>> HTTP REQUEST POST https://www.googleapis.com/oauth2/v3/token  
 <request body omitted>
[debug] [2022-07-23T09:50:25.151Z] <<< HTTP RESPONSE 200 {"date":"Sat, 23 Jul 2022 09:50:21 GMT","expires":"Mon, 01 Jan 1990 00:00:00 GMT","pragma":"no-cache","cache-control":"no-cache, no-store, max-age=0, must-revalidate","content-type":"application/json; charset=utf-8","vary":"X-Origin, Referer, Origin,Accept-Encoding","server":"scaffolding on HTTPServer2","x-xss-protection":"0","x-frame-options":"SAMEORIGIN","x-content-type-options":"nosniff","alt-svc":"h3=\":443\"; ma=2592000,h3-29=\":443\"; ma=2592000,h3-Q050=\":443\"; ma=2592000,h3-Q046=\":443\"; ma=2592000,h3-Q043=\":443\"; ma=2592000,quic=\":443\"; ma=2592000; v=\"46,43\"","accept-ranges":"none","transfer-encoding":"chunked"}
[debug] [2022-07-23T09:50:25.265Z] >>> [apiv2][query] GET https://firebase.googleapis.com/v1beta1/projects/covid-fighters-bonus-algorithm [none]
[debug] [2022-07-23T09:50:43.273Z] Failed to make request to https://firebase.googleapis.com/v1beta1/projects/covid-fighters-bonus-algorithm
[debug] [2022-07-23T09:50:45.620Z] FirebaseError: Failed to make request to https://firebase.googleapis.com/v1beta1/projects/covid-fighters-bonus-algorithm
    at RetryOperation._fn (C:\Users\PC\AppData\Roaming\npm\node_modules\firebase-tools\lib\apiv2.js:240:31)
    at processTicksAndRejections (node:internal/process/task_queues:96:5)
[error] 
[error] Error: Failed to get Firebase project covid-fighters-bonus-algorithm. Please make sure the project exists and your account has permission to access it.
